<?xml version="1.0" encoding="UTF-8"?>
<!-- Generated by org.testng.reporters.JUnitXMLReporter -->
<testsuite ignored="0" hostname="PC-Desktop" failures="1" tests="1" name="Default test" time="3.343" errors="0" timestamp="2023-05-11T17:39:56 GMT-05:00">
  <testcase classname="io.cucumber.testng.AbstractTestNGCucumberTests" name="runScenario" time="3.1">
    <failure type="java.lang.NullPointerException" message="Cannot invoke &amp;quot;smarttech.ny.elementspage.MasterPageFactory.getLogin(String, String)&amp;quot; because &amp;quot;this.pf&amp;quot; is null">
      <![CDATA[java.lang.NullPointerException: Cannot invoke "smarttech.ny.elementspage.MasterPageFactory.getLogin(String, String)" because "this.pf" is null
at smarttech.ny.stepdefinitions.StepDefinition.verify_that_home_page_is_visible_successfully(StepDefinition.java:22)
at ✽.Verify that home page is visible successfully(file:///C:/Users/mahbu/git/CucumberTest/./Feature/Valid_Users%20Able_To_Download_Invoice_after_purchase_the_order.feature:6)
]]>
    </failure>
  </testcase> <!-- runScenario -->
</testsuite> <!-- Default test -->
