<?xml version="1.0" encoding="UTF-8"?>
<testng-results ignored="0" total="1" passed="0" failed="1" skipped="0">
  <reporter-output>
  </reporter-output>
  <suite started-at="2023-05-11T17:39:53 GMT-05:00" name="Default suite" finished-at="2023-05-11T17:39:56 GMT-05:00" duration-ms="3343">
    <groups>
      <group name="cucumber">
        <method signature="AbstractTestNGCucumberTests.runScenario(io.cucumber.testng.PickleWrapper,io.cucumber.testng.FeatureWrapper)[pri:0, instance:smarttech.ny.myrunner.TestRunner@606e4010]" name="runScenario" class="io.cucumber.testng.AbstractTestNGCucumberTests"/>
      </group> <!-- cucumber -->
    </groups>
    <test started-at="2023-05-11T17:39:53 GMT-05:00" name="Default test" finished-at="2023-05-11T17:39:56 GMT-05:00" duration-ms="3343">
      <class name="smarttech.ny.myrunner.TestRunner">
        <test-method is-config="true" signature="setUpClass()[pri:0, instance:smarttech.ny.myrunner.TestRunner@606e4010]" started-at="2023-05-11T17:39:53 GMT-05:00" name="setUpClass" finished-at="2023-05-11T17:39:53 GMT-05:00" duration-ms="165" status="PASS">
          <reporter-output>
          </reporter-output>
        </test-method> <!-- setUpClass -->
        <test-method signature="runScenario(io.cucumber.testng.PickleWrapper,io.cucumber.testng.FeatureWrapper)[pri:0, instance:smarttech.ny.myrunner.TestRunner@606e4010]" started-at="2023-05-11T17:39:53 GMT-05:00" name="runScenario" description="Runs Cucumber Scenarios" data-provider="scenarios" finished-at="2023-05-11T17:39:56 GMT-05:00" duration-ms="3100" status="FAIL">
          <params>
            <param index="0">
              <value>
                <![CDATA["User Able To Login, Purchase And Download Invoice."]]>
              </value>
            </param>
            <param index="1">
              <value>
                <![CDATA["Optional[Valid Users Able To Download Invoice after purchase the order.]"]]>
              </value>
            </param>
          </params>
          <exception class="java.lang.NullPointerException">
            <message>
              <![CDATA[Cannot invoke "smarttech.ny.elementspage.MasterPageFactory.getLogin(String, String)" because "this.pf" is null]]>
            </message>
            <full-stacktrace>
              <![CDATA[java.lang.NullPointerException: Cannot invoke "smarttech.ny.elementspage.MasterPageFactory.getLogin(String, String)" because "this.pf" is null
at smarttech.ny.stepdefinitions.StepDefinition.verify_that_home_page_is_visible_successfully(StepDefinition.java:22)
at ✽.Verify that home page is visible successfully(file:///C:/Users/mahbu/git/CucumberTest/./Feature/Valid_Users%20Able_To_Download_Invoice_after_purchase_the_order.feature:6)
]]>
            </full-stacktrace>
          </exception> <!-- java.lang.NullPointerException -->
          <reporter-output>
          </reporter-output>
        </test-method> <!-- runScenario -->
        <test-method is-config="true" signature="tearDownClass()[pri:0, instance:smarttech.ny.myrunner.TestRunner@606e4010]" started-at="2023-05-11T17:39:56 GMT-05:00" name="tearDownClass" finished-at="2023-05-11T17:39:56 GMT-05:00" duration-ms="52" status="PASS">
          <reporter-output>
          </reporter-output>
        </test-method> <!-- tearDownClass -->
      </class> <!-- smarttech.ny.myrunner.TestRunner -->
    </test> <!-- Default test -->
  </suite> <!-- Default suite -->
</testng-results>
