<?xml version="1.0" encoding="UTF-8"?>
<!-- Generated by org.testng.reporters.JUnitReportReporter -->
<testsuite hostname="PC-Desktop" failures="0" tests="1" name="smarttech.ny.myrunner.TestRunner" time="3.100" errors="1" timestamp="2023-05-11T17:39:56 GMT-05:00" skipped="0">
  <testcase classname="smarttech.ny.myrunner.TestRunner" name="runScenario" time="3.100">
    <error message="Cannot invoke &quot;smarttech.ny.elementspage.MasterPageFactory.getLogin(String, String)&quot; because &quot;this.pf&quot; is null" type="java.lang.NullPointerException">
      <![CDATA[java.lang.NullPointerException: Cannot invoke "smarttech.ny.elementspage.MasterPageFactory.getLogin(String, String)" because "this.pf" is null
at smarttech.ny.stepdefinitions.StepDefinition.verify_that_home_page_is_visible_successfully(StepDefinition.java:22)
at ✽.Verify that home page is visible successfully(file:///C:/Users/mahbu/git/CucumberTest/./Feature/Valid_Users%20Able_To_Download_Invoice_after_purchase_the_order.feature:6)
]]>
    </error>
  </testcase> <!-- runScenario -->
  <system-out/>
</testsuite> <!-- smarttech.ny.myrunner.TestRunner -->
